{"meta": {"format": 3, "version": "7.6.10", "timestamp": "2025-03-11T10:18:20.051715", "branch_coverage": false, "show_contexts": false}, "files": {"src\\main.py": {"executed_lines": [], "summary": {"covered_lines": 0, "num_statements": 60, "percent_covered": 0.0, "percent_covered_display": "0", "missing_lines": 60, "excluded_lines": 0}, "missing_lines": [2, 3, 4, 5, 6, 8, 9, 10, 11, 12, 14, 18, 19, 20, 21, 22, 23, 24, 25, 28, 29, 30, 32, 33, 34, 35, 36, 37, 39, 40, 41, 42, 43, 44, 46, 47, 48, 50, 51, 53, 54, 55, 59, 60, 61, 62, 63, 64, 66, 67, 68, 69, 70, 71, 73, 74, 75, 76, 80, 81], "excluded_lines": [], "functions": {"monitor_service": {"executed_lines": [], "summary": {"covered_lines": 0, "num_statements": 30, "percent_covered": 0.0, "percent_covered_display": "0", "missing_lines": 30, "excluded_lines": 0}, "missing_lines": [19, 20, 21, 22, 23, 24, 25, 28, 29, 30, 32, 33, 34, 35, 36, 37, 39, 40, 41, 42, 43, 44, 46, 47, 48, 50, 51, 53, 54, 55], "excluded_lines": []}, "main": {"executed_lines": [], "summary": {"covered_lines": 0, "num_statements": 15, "percent_covered": 0.0, "percent_covered_display": "0", "missing_lines": 15, "excluded_lines": 0}, "missing_lines": [60, 61, 62, 63, 64, 66, 67, 68, 69, 70, 71, 73, 74, 75, 76], "excluded_lines": []}, "": {"executed_lines": [], "summary": {"covered_lines": 0, "num_statements": 15, "percent_covered": 0.0, "percent_covered_display": "0", "missing_lines": 15, "excluded_lines": 0}, "missing_lines": [2, 3, 4, 5, 6, 8, 9, 10, 11, 12, 14, 18, 59, 80, 81], "excluded_lines": []}}, "classes": {"": {"executed_lines": [], "summary": {"covered_lines": 0, "num_statements": 60, "percent_covered": 0.0, "percent_covered_display": "0", "missing_lines": 60, "excluded_lines": 0}, "missing_lines": [2, 3, 4, 5, 6, 8, 9, 10, 11, 12, 14, 18, 19, 20, 21, 22, 23, 24, 25, 28, 29, 30, 32, 33, 34, 35, 36, 37, 39, 40, 41, 42, 43, 44, 46, 47, 48, 50, 51, 53, 54, 55, 59, 60, 61, 62, 63, 64, 66, 67, 68, 69, 70, 71, 73, 74, 75, 76, 80, 81], "excluded_lines": []}}}, "src\\modules\\__init__.py": {"executed_lines": [0], "summary": {"covered_lines": 0, "num_statements": 0, "percent_covered": 100.0, "percent_covered_display": "100", "missing_lines": 0, "excluded_lines": 0}, "missing_lines": [], "excluded_lines": [], "functions": {"": {"executed_lines": [], "summary": {"covered_lines": 0, "num_statements": 0, "percent_covered": 100.0, "percent_covered_display": "100", "missing_lines": 0, "excluded_lines": 0}, "missing_lines": [], "excluded_lines": []}}, "classes": {"": {"executed_lines": [], "summary": {"covered_lines": 0, "num_statements": 0, "percent_covered": 100.0, "percent_covered_display": "100", "missing_lines": 0, "excluded_lines": 0}, "missing_lines": [], "excluded_lines": []}}}, "src\\modules\\checks.py": {"executed_lines": [1, 2, 3, 4, 8, 9, 10, 11, 12, 13, 14, 18, 22, 23, 24, 27, 30, 31, 32, 33, 34, 35, 36, 37, 40, 41, 42], "summary": {"covered_lines": 27, "num_statements": 33, "percent_covered": 81.81818181818181, "percent_covered_display": "82", "missing_lines": 6, "excluded_lines": 0}, "missing_lines": [16, 19, 20, 26, 38, 39], "excluded_lines": [], "functions": {"check_serviceHTTP": {"executed_lines": [9, 10, 11, 12, 13, 14, 18, 22, 23, 24, 27], "summary": {"covered_lines": 11, "num_statements": 15, "percent_covered": 73.33333333333333, "percent_covered_display": "73", "missing_lines": 4, "excluded_lines": 0}, "missing_lines": [16, 19, 20, 26], "excluded_lines": []}, "check_serviceTCP": {"executed_lines": [31, 32, 33, 34, 35, 36, 37, 40, 41, 42], "summary": {"covered_lines": 10, "num_statements": 12, "percent_covered": 83.33333333333333, "percent_covered_display": "83", "missing_lines": 2, "excluded_lines": 0}, "missing_lines": [38, 39], "excluded_lines": []}, "": {"executed_lines": [1, 2, 3, 4, 8, 30], "summary": {"covered_lines": 6, "num_statements": 6, "percent_covered": 100.0, "percent_covered_display": "100", "missing_lines": 0, "excluded_lines": 0}, "missing_lines": [], "excluded_lines": []}}, "classes": {"": {"executed_lines": [1, 2, 3, 4, 8, 9, 10, 11, 12, 13, 14, 18, 22, 23, 24, 27, 30, 31, 32, 33, 34, 35, 36, 37, 40, 41, 42], "summary": {"covered_lines": 27, "num_statements": 33, "percent_covered": 81.81818181818181, "percent_covered_display": "82", "missing_lines": 6, "excluded_lines": 0}, "missing_lines": [16, 19, 20, 26, 38, 39], "excluded_lines": []}}}, "src\\modules\\common.py": {"executed_lines": [1, 2, 5, 6, 7, 8, 9, 10, 11, 12, 13, 14, 15, 16, 17, 18, 19, 20, 21, 25, 26, 27, 31, 32, 33, 34, 35], "summary": {"covered_lines": 27, "num_statements": 27, "percent_covered": 100.0, "percent_covered_display": "100", "missing_lines": 0, "excluded_lines": 0}, "missing_lines": [], "excluded_lines": [], "functions": {"get_formatted_datetime": {"executed_lines": [26, 27], "summary": {"covered_lines": 2, "num_statements": 2, "percent_covered": 100.0, "percent_covered_display": "100", "missing_lines": 0, "excluded_lines": 0}, "missing_lines": [], "excluded_lines": []}, "to_camel_case": {"executed_lines": [32, 33, 34, 35], "summary": {"covered_lines": 4, "num_statements": 4, "percent_covered": 100.0, "percent_covered_display": "100", "missing_lines": 0, "excluded_lines": 0}, "missing_lines": [], "excluded_lines": []}, "": {"executed_lines": [1, 2, 5, 6, 7, 8, 9, 10, 11, 12, 13, 14, 15, 16, 17, 18, 19, 20, 21, 25, 31], "summary": {"covered_lines": 21, "num_statements": 21, "percent_covered": 100.0, "percent_covered_display": "100", "missing_lines": 0, "excluded_lines": 0}, "missing_lines": [], "excluded_lines": []}}, "classes": {"bcolors": {"executed_lines": [], "summary": {"covered_lines": 0, "num_statements": 0, "percent_covered": 100.0, "percent_covered_display": "100", "missing_lines": 0, "excluded_lines": 0}, "missing_lines": [], "excluded_lines": []}, "": {"executed_lines": [1, 2, 5, 6, 7, 8, 9, 10, 11, 12, 13, 14, 15, 16, 17, 18, 19, 20, 21, 25, 26, 27, 31, 32, 33, 34, 35], "summary": {"covered_lines": 27, "num_statements": 27, "percent_covered": 100.0, "percent_covered_display": "100", "missing_lines": 0, "excluded_lines": 0}, "missing_lines": [], "excluded_lines": []}}}, "src\\modules\\config.py": {"executed_lines": [1, 3, 4, 5, 9, 10, 11, 15, 16, 19, 21, 22, 23, 24, 25, 26, 27, 33, 37, 38, 39, 40, 41, 46, 47, 48, 49, 50, 52, 53, 54, 56, 57, 63, 64, 65, 66, 67, 68, 70, 72, 82, 105, 106, 108, 109, 110, 111, 113, 114, 118], "summary": {"covered_lines": 50, "num_statements": 83, "percent_covered": 60.24096385542169, "percent_covered_display": "60", "missing_lines": 33, "excluded_lines": 0}, "missing_lines": [29, 30, 31, 43, 58, 59, 61, 69, 73, 74, 75, 76, 77, 78, 79, 80, 83, 84, 85, 86, 87, 89, 90, 91, 94, 95, 96, 97, 98, 99, 101, 102, 119], "excluded_lines": [], "functions": {"read_yaml_file": {"executed_lines": [10, 11], "summary": {"covered_lines": 2, "num_statements": 2, "percent_covered": 100.0, "percent_covered_display": "100", "missing_lines": 0, "excluded_lines": 0}, "missing_lines": [], "excluded_lines": []}, "read_yaml_directory": {"executed_lines": [16, 19, 21, 22, 23, 24, 25, 26, 27, 33], "summary": {"covered_lines": 10, "num_statements": 13, "percent_covered": 76.92307692307692, "percent_covered_display": "77", "missing_lines": 3, "excluded_lines": 0}, "missing_lines": [29, 30, 31], "excluded_lines": []}, "read_config": {"executed_lines": [38, 39, 40, 41], "summary": {"covered_lines": 4, "num_statements": 5, "percent_covered": 80.0, "percent_covered_display": "80", "missing_lines": 1, "excluded_lines": 0}, "missing_lines": [43], "excluded_lines": []}, "Config.__init__": {"executed_lines": [48, 49, 50], "summary": {"covered_lines": 3, "num_statements": 3, "percent_covered": 100.0, "percent_covered_display": "100", "missing_lines": 0, "excluded_lines": 0}, "missing_lines": [], "excluded_lines": []}, "Config.reload": {"executed_lines": [53, 54], "summary": {"covered_lines": 2, "num_statements": 2, "percent_covered": 100.0, "percent_covered_display": "100", "missing_lines": 0, "excluded_lines": 0}, "missing_lines": [], "excluded_lines": []}, "Config._merge_dicts": {"executed_lines": [57], "summary": {"covered_lines": 1, "num_statements": 4, "percent_covered": 25.0, "percent_covered_display": "25", "missing_lines": 3, "excluded_lines": 0}, "missing_lines": [58, 59, 61], "excluded_lines": []}, "Config.get": {"executed_lines": [64, 65, 66, 67, 68, 70], "summary": {"covered_lines": 6, "num_statements": 7, "percent_covered": 85.71428571428571, "percent_covered_display": "86", "missing_lines": 1, "excluded_lines": 0}, "missing_lines": [69], "excluded_lines": []}, "Config.set": {"executed_lines": [], "summary": {"covered_lines": 0, "num_statements": 8, "percent_covered": 0.0, "percent_covered_display": "0", "missing_lines": 8, "excluded_lines": 0}, "missing_lines": [73, 74, 75, 76, 77, 78, 79, 80], "excluded_lines": []}, "Config.delete": {"executed_lines": [], "summary": {"covered_lines": 0, "num_statements": 11, "percent_covered": 0.0, "percent_covered_display": "0", "missing_lines": 11, "excluded_lines": 0}, "missing_lines": [83, 84, 85, 86, 87, 89, 90, 91, 94, 101, 102], "excluded_lines": []}, "Config.delete.delete_empty_keys": {"executed_lines": [], "summary": {"covered_lines": 0, "num_statements": 5, "percent_covered": 0.0, "percent_covered_display": "0", "missing_lines": 5, "excluded_lines": 0}, "missing_lines": [95, 96, 97, 98, 99], "excluded_lines": []}, "": {"executed_lines": [1, 3, 4, 5, 9, 15, 37, 46, 47, 52, 56, 63, 72, 82, 105, 106, 108, 109, 110, 111, 113, 114, 118], "summary": {"covered_lines": 22, "num_statements": 23, "percent_covered": 95.65217391304348, "percent_covered_display": "96", "missing_lines": 1, "excluded_lines": 0}, "missing_lines": [119], "excluded_lines": []}}, "classes": {"Config": {"executed_lines": [48, 49, 50, 53, 54, 57, 64, 65, 66, 67, 68, 70], "summary": {"covered_lines": 12, "num_statements": 40, "percent_covered": 30.0, "percent_covered_display": "30", "missing_lines": 28, "excluded_lines": 0}, "missing_lines": [58, 59, 61, 69, 73, 74, 75, 76, 77, 78, 79, 80, 83, 84, 85, 86, 87, 89, 90, 91, 94, 95, 96, 97, 98, 99, 101, 102], "excluded_lines": []}, "": {"executed_lines": [1, 3, 4, 5, 9, 10, 11, 15, 16, 19, 21, 22, 23, 24, 25, 26, 27, 33, 37, 38, 39, 40, 41, 46, 47, 52, 56, 63, 72, 82, 105, 106, 108, 109, 110, 111, 113, 114, 118], "summary": {"covered_lines": 38, "num_statements": 43, "percent_covered": 88.37209302325581, "percent_covered_display": "88", "missing_lines": 5, "excluded_lines": 0}, "missing_lines": [29, 30, 31, 43, 119], "excluded_lines": []}}}, "src\\modules\\healthchecksio.py": {"executed_lines": [], "summary": {"covered_lines": 0, "num_statements": 7, "percent_covered": 0.0, "percent_covered_display": "0", "missing_lines": 7, "excluded_lines": 0}, "missing_lines": [1, 2, 6, 7, 8, 9, 10], "excluded_lines": [], "functions": {"post_healthchecksio_status": {"executed_lines": [], "summary": {"covered_lines": 0, "num_statements": 4, "percent_covered": 0.0, "percent_covered_display": "0", "missing_lines": 4, "excluded_lines": 0}, "missing_lines": [7, 8, 9, 10], "excluded_lines": []}, "": {"executed_lines": [], "summary": {"covered_lines": 0, "num_statements": 3, "percent_covered": 0.0, "percent_covered_display": "0", "missing_lines": 3, "excluded_lines": 0}, "missing_lines": [1, 2, 6], "excluded_lines": []}}, "classes": {"": {"executed_lines": [], "summary": {"covered_lines": 0, "num_statements": 7, "percent_covered": 0.0, "percent_covered_display": "0", "missing_lines": 7, "excluded_lines": 0}, "missing_lines": [1, 2, 6, 7, 8, 9, 10], "excluded_lines": []}}}, "src\\modules\\logger.py": {"executed_lines": [1, 2, 3, 4, 5, 6, 7, 10, 11, 38, 39, 40, 42, 44, 46, 51, 52, 58, 60, 61, 64, 65], "summary": {"covered_lines": 22, "num_statements": 45, "percent_covered": 48.888888888888886, "percent_covered_display": "49", "missing_lines": 23, "excluded_lines": 0}, "missing_lines": [12, 13, 14, 15, 16, 17, 18, 20, 21, 22, 23, 24, 25, 26, 27, 28, 29, 30, 31, 33, 35, 45, 47], "excluded_lines": [], "functions": {"CustomFormatter.format": {"executed_lines": [], "summary": {"covered_lines": 0, "num_statements": 21, "percent_covered": 0.0, "percent_covered_display": "0", "missing_lines": 21, "excluded_lines": 0}, "missing_lines": [12, 13, 14, 15, 16, 17, 18, 20, 21, 22, 23, 24, 25, 26, 27, 28, 29, 30, 31, 33, 35], "excluded_lines": []}, "get_logger": {"executed_lines": [39, 40, 42, 44, 46, 51, 52, 58, 60, 61], "summary": {"covered_lines": 10, "num_statements": 12, "percent_covered": 83.33333333333333, "percent_covered_display": "83", "missing_lines": 2, "excluded_lines": 0}, "missing_lines": [45, 47], "excluded_lines": []}, "": {"executed_lines": [1, 2, 3, 4, 5, 6, 7, 10, 11, 38, 64, 65], "summary": {"covered_lines": 12, "num_statements": 12, "percent_covered": 100.0, "percent_covered_display": "100", "missing_lines": 0, "excluded_lines": 0}, "missing_lines": [], "excluded_lines": []}}, "classes": {"CustomFormatter": {"executed_lines": [], "summary": {"covered_lines": 0, "num_statements": 21, "percent_covered": 0.0, "percent_covered_display": "0", "missing_lines": 21, "excluded_lines": 0}, "missing_lines": [12, 13, 14, 15, 16, 17, 18, 20, 21, 22, 23, 24, 25, 26, 27, 28, 29, 30, 31, 33, 35], "excluded_lines": []}, "": {"executed_lines": [1, 2, 3, 4, 5, 6, 7, 10, 11, 38, 39, 40, 42, 44, 46, 51, 52, 58, 60, 61, 64, 65], "summary": {"covered_lines": 22, "num_statements": 24, "percent_covered": 91.66666666666667, "percent_covered_display": "92", "missing_lines": 2, "excluded_lines": 0}, "missing_lines": [45, 47], "excluded_lines": []}}}}, "totals": {"covered_lines": 126, "num_statements": 255, "percent_covered": 49.411764705882355, "percent_covered_display": "49", "missing_lines": 129, "excluded_lines": 0}}